[2020-04-27T10:35:05.267] [DEBUG] cheese - login => username:王鑫,password:223355
[2020-04-27T10:35:05.268] [DEBUG] cheese - 王鑫
[2020-04-27T10:35:05.275] [DEBUG] cheese - null
[2020-04-27T10:35:05.276] [DEBUG] cheese - null
[2020-04-27T10:35:59.317] [DEBUG] cheese - login => username:admin,password:123456
[2020-04-27T10:35:59.317] [DEBUG] cheese - admin
[2020-04-27T10:35:59.322] [DEBUG] cheese - null
[2020-04-27T10:35:59.322] [DEBUG] cheese - null
[2020-04-27T22:22:30.869] [DEBUG] cheese - login => username:admin,password:121212121212121
[2020-04-27T22:22:30.870] [DEBUG] cheese - admin
[2020-04-27T22:22:30.885] [DEBUG] cheese - null
[2020-04-27T22:22:30.885] [DEBUG] cheese - null
[2020-04-27T22:23:12.863] [DEBUG] cheese - login => username:admin,password:212121212
[2020-04-27T22:23:12.863] [DEBUG] cheese - admin
[2020-04-27T22:23:12.866] [DEBUG] cheese - null
[2020-04-27T22:23:12.866] [DEBUG] cheese - null
[2020-04-27T22:24:29.520] [DEBUG] cheese - login => username:admin,password:1212121212
[2020-04-27T22:24:29.520] [DEBUG] cheese - admin
[2020-04-27T22:24:29.522] [DEBUG] cheese - null
[2020-04-27T22:24:29.522] [DEBUG] cheese - null
[2020-04-27T22:26:37.727] [DEBUG] cheese - login => username:12121,password:212121212
[2020-04-27T22:26:37.727] [DEBUG] cheese - 12121
[2020-04-27T22:26:37.730] [DEBUG] cheese - null
[2020-04-27T22:26:37.730] [DEBUG] cheese - null
[2020-04-27T22:26:46.624] [DEBUG] cheese - login => username:admin,password:1232456
[2020-04-27T22:26:46.624] [DEBUG] cheese - admin
[2020-04-27T22:26:46.626] [DEBUG] cheese - null
[2020-04-27T22:26:46.626] [DEBUG] cheese - null
[2020-04-27T22:26:56.799] [DEBUG] cheese - login => username:admin,password:123456
[2020-04-27T22:26:56.799] [DEBUG] cheese - admin
[2020-04-27T22:26:56.802] [DEBUG] cheese - null
[2020-04-27T22:26:56.802] [DEBUG] cheese - null
[2020-04-27T22:33:18.817] [DEBUG] cheese - login => username:21212,password:2121212
[2020-04-27T22:33:18.817] [DEBUG] cheese - 21212
[2020-04-27T22:33:18.819] [DEBUG] cheese - null
[2020-04-27T22:33:18.820] [DEBUG] cheese - null
[2020-04-27T22:33:28.548] [DEBUG] cheese - login => username:admin,password:123456
[2020-04-27T22:33:28.548] [DEBUG] cheese - admin
[2020-04-27T22:33:28.551] [DEBUG] cheese - null
[2020-04-27T22:33:28.551] [DEBUG] cheese - null
[2020-04-27T22:43:33.498] [DEBUG] cheese - login => username:admin,password:123456
[2020-04-27T22:43:33.498] [DEBUG] cheese - admin
[2020-04-27T22:43:33.501] [DEBUG] cheese - null
[2020-04-27T22:43:33.501] [DEBUG] cheese - null
[2020-04-27T22:45:56.460] [DEBUG] cheese - login => username:admin,password:123456
[2020-04-27T22:45:56.460] [DEBUG] cheese - admin
[2020-04-27T22:45:56.462] [DEBUG] cheese - null
[2020-04-27T22:45:56.462] [DEBUG] cheese - null
[2020-04-27T22:48:25.829] [DEBUG] cheese - login => username:admin,password:123456
[2020-04-27T22:48:25.829] [DEBUG] cheese - admin
[2020-04-27T22:48:25.834] [DEBUG] cheese - null
[2020-04-27T22:48:25.834] [DEBUG] cheese - null
[2020-04-27T22:58:21.157] [DEBUG] cheese - login => username:admin,password:123456
[2020-04-27T22:58:21.157] [DEBUG] cheese - admin
[2020-04-27T22:58:21.160] [DEBUG] cheese - null
[2020-04-27T22:58:21.160] [DEBUG] cheese - null
[2020-04-27T23:04:36.989] [DEBUG] cheese - login => username:admin,password:123456
[2020-04-27T23:04:36.989] [DEBUG] cheese - admin
[2020-04-27T23:04:36.991] [DEBUG] cheese - null
[2020-04-27T23:04:36.991] [DEBUG] cheese - null
[2020-04-27T23:06:56.589] [DEBUG] cheese - login => username:admin,password:123456
[2020-04-27T23:06:56.589] [DEBUG] cheese - admin
[2020-04-27T23:06:56.592] [DEBUG] cheese - null
[2020-04-27T23:06:56.592] [DEBUG] cheese - null
[2020-04-27T23:44:39.742] [DEBUG] cheese - login => username:admin,password:123456
[2020-04-27T23:44:39.743] [DEBUG] cheese - admin
[2020-04-27T23:44:39.746] [DEBUG] cheese - null
[2020-04-27T23:44:39.746] [DEBUG] cheese - null
[2020-04-28T09:18:41.628] [DEBUG] cheese - login => username:admin,password:123456
[2020-04-28T09:18:41.630] [DEBUG] cheese - admin
[2020-04-28T09:18:42.005] [DEBUG] cheese - null
[2020-04-28T09:18:42.006] [DEBUG] cheese - null
[2020-04-28T09:23:48.124] [DEBUG] cheese - login => username:admin,password:123456
[2020-04-28T09:23:48.124] [DEBUG] cheese - admin
[2020-04-28T09:23:48.128] [DEBUG] cheese - null
[2020-04-28T09:23:48.128] [DEBUG] cheese - null
[2020-04-28T10:00:14.692] [DEBUG] cheese - login => username:admin,password:123456
[2020-04-28T10:00:14.692] [DEBUG] cheese - admin
[2020-04-28T10:00:14.696] [DEBUG] cheese - null
[2020-04-28T10:00:14.696] [DEBUG] cheese - null
[2020-04-28T10:02:20.491] [DEBUG] cheese - login => username:admin,password:123456
[2020-04-28T10:02:20.491] [DEBUG] cheese - admin
[2020-04-28T10:02:20.494] [DEBUG] cheese - null
[2020-04-28T10:02:20.494] [DEBUG] cheese - null
[2020-04-28T10:19:27.690] [DEBUG] cheese - login => username:admin,password:123456
[2020-04-28T10:19:27.690] [DEBUG] cheese - admin
[2020-04-28T10:19:27.694] [DEBUG] cheese - null
[2020-04-28T10:19:27.694] [DEBUG] cheese - null
[2020-04-28T13:02:01.355] [DEBUG] cheese - login => username:admin,password:123456
[2020-04-28T13:02:01.355] [DEBUG] cheese - admin
[2020-04-28T13:02:01.359] [DEBUG] cheese - null
[2020-04-28T13:02:01.359] [DEBUG] cheese - null
[2020-04-28T13:06:05.658] [DEBUG] cheese - login => username:admin,password:123456
[2020-04-28T13:06:05.658] [DEBUG] cheese - admin
[2020-04-28T13:06:05.662] [DEBUG] cheese - null
[2020-04-28T13:06:05.662] [DEBUG] cheese - null
[2020-04-28T13:50:48.469] [DEBUG] cheese - login => username:admin,password:123456
[2020-04-28T13:50:48.469] [DEBUG] cheese - admin
[2020-04-28T13:50:48.472] [DEBUG] cheese - null
[2020-04-28T13:50:48.472] [DEBUG] cheese - null
[2020-04-28T22:46:21.702] [DEBUG] cheese - login => username:admin,password:123456
[2020-04-28T22:46:21.703] [DEBUG] cheese - admin
[2020-04-28T22:46:21.705] [DEBUG] cheese - null
[2020-04-28T22:46:21.705] [DEBUG] cheese - null
[2020-04-29T10:10:01.738] [DEBUG] cheese - login => username:admin,password:123456
[2020-04-29T10:10:01.739] [DEBUG] cheese - admin
[2020-04-29T10:10:02.093] [DEBUG] cheese - null
[2020-04-29T10:10:02.094] [DEBUG] cheese - null
[2020-04-29T15:09:20.542] [DEBUG] cheese - null
[2020-04-29T15:23:46.124] [DEBUG] cheese - null
[2020-04-29T15:27:52.212] [DEBUG] cheese - null
[2020-04-29T15:28:12.968] [DEBUG] cheese - null
[2020-04-29T15:33:46.813] [DEBUG] cheese - null
[2020-04-29T15:33:51.848] [DEBUG] cheese - null
[2020-04-29T15:35:09.345] [DEBUG] cheese - null
[2020-04-29T23:25:50.860] [DEBUG] cheese - login => username:admin,password:123456
[2020-04-29T23:25:50.861] [DEBUG] cheese - admin
[2020-04-29T23:25:50.865] [DEBUG] cheese - null
[2020-04-29T23:25:50.865] [DEBUG] cheese - null
[2020-04-30T13:58:30.281] [DEBUG] cheese - login => username:admin,password:123456
[2020-04-30T13:58:30.282] [DEBUG] cheese - admin
[2020-04-30T13:58:30.620] [DEBUG] cheese - null
[2020-04-30T13:58:30.621] [DEBUG] cheese - null
[2020-05-01T13:45:13.377] [DEBUG] cheese - login => username:admin,password:123456
[2020-05-01T13:45:13.378] [DEBUG] cheese - admin
[2020-05-01T13:45:13.731] [DEBUG] cheese - null
[2020-05-01T13:45:13.731] [DEBUG] cheese - null
[2020-05-02T12:55:07.119] [DEBUG] cheese - login => username:admin,password:123456
[2020-05-02T12:55:07.120] [DEBUG] cheese - admin
[2020-05-02T12:55:07.228] [DEBUG] cheese - null
[2020-05-02T12:55:07.228] [DEBUG] cheese - null
[2020-05-02T21:27:21.395] [DEBUG] cheese - null
[2020-05-03T10:21:12.542] [DEBUG] cheese - login => username:admin,password:123456
[2020-05-03T10:21:12.543] [DEBUG] cheese - admin
[2020-05-03T10:21:12.899] [DEBUG] cheese - null
[2020-05-03T10:21:12.899] [DEBUG] cheese - null
[2020-05-03T13:07:26.048] [DEBUG] cheese - login => username:admin,password:123456
[2020-05-03T13:07:26.049] [DEBUG] cheese - admin
[2020-05-03T13:07:26.055] [DEBUG] cheese - null
[2020-05-03T13:07:26.055] [DEBUG] cheese - null
[2020-05-03T13:33:35.854] [DEBUG] cheese - login => username:admin,password:123456
[2020-05-03T13:33:35.854] [DEBUG] cheese - admin
[2020-05-03T13:33:35.858] [DEBUG] cheese - null
[2020-05-03T13:33:35.858] [DEBUG] cheese - null
[2020-05-03T13:54:42.744] [DEBUG] cheese - login => username:admin,password:123456
[2020-05-03T13:54:42.745] [DEBUG] cheese - admin
[2020-05-03T13:54:42.748] [DEBUG] cheese - null
[2020-05-03T13:54:42.748] [DEBUG] cheese - null
[2020-05-03T14:00:48.697] [DEBUG] cheese - login => username:admin,password:123456
[2020-05-03T14:00:48.697] [DEBUG] cheese - admin
[2020-05-03T14:00:48.700] [DEBUG] cheese - null
[2020-05-03T14:00:48.700] [DEBUG] cheese - null
[2020-05-03T14:03:55.844] [DEBUG] cheese - login => username:admin,password:123456
[2020-05-03T14:03:55.846] [DEBUG] cheese - admin
[2020-05-03T14:03:55.849] [DEBUG] cheese - null
[2020-05-03T14:03:55.850] [DEBUG] cheese - null
[2020-05-03T14:04:31.269] [DEBUG] cheese - login => username:admin,password:123456
[2020-05-03T14:04:31.270] [DEBUG] cheese - admin
[2020-05-03T14:04:31.272] [DEBUG] cheese - null
[2020-05-03T14:04:31.272] [DEBUG] cheese - null
[2020-05-03T14:04:34.041] [DEBUG] cheese - login => username:admin,password:123456
[2020-05-03T14:04:34.041] [DEBUG] cheese - admin
[2020-05-03T14:04:34.043] [DEBUG] cheese - null
[2020-05-03T14:04:34.043] [DEBUG] cheese - null
[2020-05-03T14:48:17.641] [DEBUG] cheese - login => username:admin,password:123456
[2020-05-03T14:48:17.641] [DEBUG] cheese - admin
[2020-05-03T14:48:17.645] [DEBUG] cheese - null
[2020-05-03T14:48:17.645] [DEBUG] cheese - null
[2020-05-03T15:13:12.215] [DEBUG] cheese - login => username:admin,password:123456
[2020-05-03T15:13:12.215] [DEBUG] cheese - admin
[2020-05-03T15:13:12.218] [DEBUG] cheese - null
[2020-05-03T15:13:12.218] [DEBUG] cheese - null
[2020-05-03T15:39:55.754] [DEBUG] cheese - login => username:admin,password:123456
[2020-05-03T15:39:55.755] [DEBUG] cheese - admin
[2020-05-03T15:39:55.758] [DEBUG] cheese - null
[2020-05-03T15:39:55.758] [DEBUG] cheese - null
[2020-05-03T15:55:30.481] [DEBUG] cheese - login => username:admin,password:123456
[2020-05-03T15:55:30.481] [DEBUG] cheese - admin
[2020-05-03T15:55:30.485] [DEBUG] cheese - null
[2020-05-03T15:55:30.485] [DEBUG] cheese - null
[2020-05-03T16:08:02.662] [DEBUG] cheese - login => username:admin,password:123456
[2020-05-03T16:08:02.662] [DEBUG] cheese - admin
[2020-05-03T16:08:02.666] [DEBUG] cheese - null
[2020-05-03T16:08:02.666] [DEBUG] cheese - null
[2020-05-03T16:10:52.410] [DEBUG] cheese - login => username:admin,password:123456
[2020-05-03T16:10:52.411] [DEBUG] cheese - admin
[2020-05-03T16:10:52.416] [DEBUG] cheese - null
[2020-05-03T16:10:52.417] [DEBUG] cheese - null
[2020-05-03T16:35:13.388] [DEBUG] cheese - login => username:admin,password:123456
[2020-05-03T16:35:13.389] [DEBUG] cheese - admin
[2020-05-03T16:35:13.398] [DEBUG] cheese - null
[2020-05-03T16:35:13.398] [DEBUG] cheese - null
[2020-05-03T16:46:08.012] [DEBUG] cheese - login => username:admin,password:123456
[2020-05-03T16:46:08.013] [DEBUG] cheese - admin
[2020-05-03T16:46:08.018] [DEBUG] cheese - null
[2020-05-03T16:46:08.019] [DEBUG] cheese - null
[2020-05-03T16:53:26.317] [DEBUG] cheese - login => username:admin,password:123456
[2020-05-03T16:53:26.318] [DEBUG] cheese - admin
[2020-05-03T16:53:26.322] [DEBUG] cheese - null
[2020-05-03T16:53:26.322] [DEBUG] cheese - null
[2020-05-03T17:22:06.423] [DEBUG] cheese - login => username:admin,password:123456
[2020-05-03T17:22:06.423] [DEBUG] cheese - admin
[2020-05-03T17:22:06.425] [DEBUG] cheese - null
[2020-05-03T17:22:06.425] [DEBUG] cheese - null
[2020-05-03T17:23:43.579] [DEBUG] cheese - login => username:admin,password:123456
[2020-05-03T17:23:43.580] [DEBUG] cheese - admin
[2020-05-03T17:23:43.584] [DEBUG] cheese - null
[2020-05-03T17:23:43.584] [DEBUG] cheese - null
[2020-05-03T17:46:49.899] [DEBUG] cheese - login => username:admin,password:123456
[2020-05-03T17:46:49.901] [DEBUG] cheese - admin
[2020-05-03T17:46:49.905] [DEBUG] cheese - null
[2020-05-03T17:46:49.905] [DEBUG] cheese - null
[2020-05-03T20:28:59.997] [DEBUG] cheese - login => username:admin,password:123456
[2020-05-03T20:28:59.999] [DEBUG] cheese - admin
[2020-05-03T20:29:00.004] [DEBUG] cheese - null
[2020-05-03T20:29:00.004] [DEBUG] cheese - null
[2020-05-03T20:33:32.478] [DEBUG] cheese - login => username:admin,password:123456
[2020-05-03T20:33:32.478] [DEBUG] cheese - admin
[2020-05-03T20:33:32.480] [DEBUG] cheese - null
[2020-05-03T20:33:32.480] [DEBUG] cheese - null
[2020-05-03T20:45:50.092] [DEBUG] cheese - login => username:admin,password:123456
[2020-05-03T20:45:50.092] [DEBUG] cheese - admin
[2020-05-03T20:45:50.094] [DEBUG] cheese - null
[2020-05-03T20:45:50.094] [DEBUG] cheese - null
[2020-05-03T21:01:42.189] [DEBUG] cheese - login => username:admin,password:123456
[2020-05-03T21:01:42.189] [DEBUG] cheese - admin
[2020-05-03T21:01:42.191] [DEBUG] cheese - null
[2020-05-03T21:01:42.191] [DEBUG] cheese - null
[2020-05-03T21:03:47.599] [DEBUG] cheese - login => username:admin,password:123456
[2020-05-03T21:03:47.599] [DEBUG] cheese - admin
[2020-05-03T21:03:47.601] [DEBUG] cheese - null
[2020-05-03T21:03:47.601] [DEBUG] cheese - null
[2020-05-03T21:21:15.279] [DEBUG] cheese - login => username:admin,password:123456
[2020-05-03T21:21:15.281] [DEBUG] cheese - admin
[2020-05-03T21:21:15.285] [DEBUG] cheese - null
[2020-05-03T21:21:15.286] [DEBUG] cheese - null
[2020-05-05T10:58:09.960] [DEBUG] cheese - login => username:admin,password:123456
[2020-05-05T10:58:09.962] [DEBUG] cheese - admin
[2020-05-05T10:58:10.337] [DEBUG] cheese - null
[2020-05-05T10:58:10.338] [DEBUG] cheese - null
[2020-05-05T10:58:23.253] [DEBUG] cheese - login => username:admin111,password:123456
[2020-05-05T10:58:23.253] [DEBUG] cheese - admin111
[2020-05-05T10:58:23.255] [DEBUG] cheese - null
[2020-05-05T10:58:23.256] [DEBUG] cheese - null
[2020-05-05T10:58:26.778] [DEBUG] cheese - login => username:admin,password:123456
[2020-05-05T10:58:26.778] [DEBUG] cheese - admin
[2020-05-05T10:58:26.780] [DEBUG] cheese - null
[2020-05-05T10:58:26.781] [DEBUG] cheese - null
[2020-05-05T11:44:54.583] [DEBUG] cheese - login => username:admin,password:123456
[2020-05-05T11:44:54.584] [DEBUG] cheese - admin
[2020-05-05T11:44:54.589] [DEBUG] cheese - null
[2020-05-05T11:44:54.589] [DEBUG] cheese - null
[2020-05-05T11:58:16.258] [DEBUG] cheese - login => username:admin,password:123456
[2020-05-05T11:58:16.258] [DEBUG] cheese - admin
[2020-05-05T11:58:16.261] [DEBUG] cheese - null
[2020-05-05T11:58:16.261] [DEBUG] cheese - null
[2020-05-05T12:11:24.378] [DEBUG] cheese - login => username:admin,password:123456
[2020-05-05T12:11:24.378] [DEBUG] cheese - admin
[2020-05-05T12:11:24.380] [DEBUG] cheese - null
[2020-05-05T12:11:24.380] [DEBUG] cheese - null
[2020-05-05T12:11:32.743] [DEBUG] cheese - login => username:admin,password:123456
[2020-05-05T12:11:32.743] [DEBUG] cheese - admin
[2020-05-05T12:11:32.744] [DEBUG] cheese - null
[2020-05-05T12:11:32.745] [DEBUG] cheese - null
[2020-08-09T11:31:13.181] [DEBUG] cheese - login => username:admin,password:koumin917
[2020-08-09T11:31:13.182] [DEBUG] cheese - admin
[2020-08-09T11:31:13.544] [DEBUG] cheese - null
[2020-08-09T11:31:13.545] [DEBUG] cheese - null
[2020-08-09T11:31:16.095] [DEBUG] cheese - login => username:admin,password:koumin917
[2020-08-09T11:31:16.095] [DEBUG] cheese - admin
[2020-08-09T11:31:16.097] [DEBUG] cheese - null
[2020-08-09T11:31:16.097] [DEBUG] cheese - null
[2020-08-09T11:31:23.129] [DEBUG] cheese - login => username:admin,password:koumin917
[2020-08-09T11:31:23.129] [DEBUG] cheese - admin
[2020-08-09T11:31:23.132] [DEBUG] cheese - null
[2020-08-09T11:31:23.132] [DEBUG] cheese - null
[2020-08-09T11:31:24.002] [DEBUG] cheese - login => username:admin,password:koumin917
[2020-08-09T11:31:24.003] [DEBUG] cheese - admin
[2020-08-09T11:31:24.005] [DEBUG] cheese - null
[2020-08-09T11:31:24.005] [DEBUG] cheese - null
[2020-08-09T11:31:24.278] [DEBUG] cheese - login => username:admin,password:koumin917
[2020-08-09T11:31:24.278] [DEBUG] cheese - admin
[2020-08-09T11:31:24.281] [DEBUG] cheese - null
[2020-08-09T11:31:24.281] [DEBUG] cheese - null
[2020-08-09T11:31:24.543] [DEBUG] cheese - login => username:admin,password:koumin917
[2020-08-09T11:31:24.543] [DEBUG] cheese - admin
[2020-08-09T11:31:24.546] [DEBUG] cheese - null
[2020-08-09T11:31:24.546] [DEBUG] cheese - null
[2020-08-09T11:31:24.814] [DEBUG] cheese - login => username:admin,password:koumin917
[2020-08-09T11:31:24.814] [DEBUG] cheese - admin
[2020-08-09T11:31:24.818] [DEBUG] cheese - null
[2020-08-09T11:31:24.818] [DEBUG] cheese - null
[2020-08-09T11:31:25.294] [DEBUG] cheese - login => username:admin,password:koumin917
[2020-08-09T11:31:25.295] [DEBUG] cheese - admin
[2020-08-09T11:31:25.298] [DEBUG] cheese - null
[2020-08-09T11:31:25.298] [DEBUG] cheese - null
[2020-08-09T11:31:29.027] [DEBUG] cheese - login => username:admin,password:koumin917
[2020-08-09T11:31:29.027] [DEBUG] cheese - admin
[2020-08-09T11:31:29.030] [DEBUG] cheese - null
[2020-08-09T11:31:29.031] [DEBUG] cheese - null
[2020-08-09T11:33:08.078] [DEBUG] cheese - login => username:admin,password:koumin917
[2020-08-09T11:33:08.078] [DEBUG] cheese - admin
[2020-08-09T11:33:08.081] [DEBUG] cheese - null
[2020-08-09T11:33:08.081] [DEBUG] cheese - null
[2020-08-09T11:33:14.134] [DEBUG] cheese - login => username:admin,password:koumin917
[2020-08-09T11:33:14.134] [DEBUG] cheese - admin
[2020-08-09T11:33:14.137] [DEBUG] cheese - null
[2020-08-09T11:33:14.137] [DEBUG] cheese - null
[2020-08-09T11:33:23.795] [DEBUG] cheese - login => username:admin,password:koumin917
[2020-08-09T11:33:23.796] [DEBUG] cheese - admin
[2020-08-09T11:33:23.798] [DEBUG] cheese - null
[2020-08-09T11:33:23.798] [DEBUG] cheese - null
[2020-08-09T11:33:24.720] [DEBUG] cheese - login => username:admin,password:koumin917
[2020-08-09T11:33:24.720] [DEBUG] cheese - admin
[2020-08-09T11:33:24.723] [DEBUG] cheese - null
[2020-08-09T11:33:24.723] [DEBUG] cheese - null
[2020-08-09T11:33:31.859] [DEBUG] cheese - login => username:admin,password:123456
[2020-08-09T11:33:31.859] [DEBUG] cheese - admin
[2020-08-09T11:33:31.861] [DEBUG] cheese - null
[2020-08-09T11:33:31.861] [DEBUG] cheese - null
[2020-08-31T18:03:01.606] [DEBUG] cheese - login => username:admin,password:111111
[2020-08-31T18:03:01.607] [DEBUG] cheese - admin
[2020-08-31T18:03:01.709] [DEBUG] cheese - null
[2020-08-31T18:03:01.710] [DEBUG] cheese - null
[2020-08-31T18:03:02.097] [DEBUG] cheese - login => username:admin,password:111111
[2020-08-31T18:03:02.097] [DEBUG] cheese - admin
[2020-08-31T18:03:02.099] [DEBUG] cheese - null
[2020-08-31T18:03:02.099] [DEBUG] cheese - null
[2020-08-31T18:03:02.362] [DEBUG] cheese - login => username:admin,password:111111
[2020-08-31T18:03:02.362] [DEBUG] cheese - admin
[2020-08-31T18:03:02.365] [DEBUG] cheese - null
[2020-08-31T18:03:02.365] [DEBUG] cheese - null
[2020-08-31T18:03:05.957] [DEBUG] cheese - login => username:admin,password:111111
[2020-08-31T18:03:05.958] [DEBUG] cheese - admin
[2020-08-31T18:03:05.960] [DEBUG] cheese - null
[2020-08-31T18:03:05.960] [DEBUG] cheese - null
[2020-08-31T18:03:13.060] [DEBUG] cheese - login => username:admin,password:111111
[2020-08-31T18:03:13.060] [DEBUG] cheese - admin
[2020-08-31T18:03:13.063] [DEBUG] cheese - null
[2020-08-31T18:03:13.063] [DEBUG] cheese - null
[2020-08-31T18:03:14.930] [DEBUG] cheese - login => username:admin,password:123456
[2020-08-31T18:03:14.930] [DEBUG] cheese - admin
[2020-08-31T18:03:14.932] [DEBUG] cheese - null
[2020-08-31T18:03:14.932] [DEBUG] cheese - null
[2020-08-31T18:03:51.228] [DEBUG] cheese - login => username:admin,password:111111
[2020-08-31T18:03:51.229] [DEBUG] cheese - admin
[2020-08-31T18:03:51.231] [DEBUG] cheese - null
[2020-08-31T18:03:51.231] [DEBUG] cheese - null
[2020-08-31T18:03:56.259] [DEBUG] cheese - login => username:admin,password:123456
[2020-08-31T18:03:56.260] [DEBUG] cheese - admin
[2020-08-31T18:03:56.262] [DEBUG] cheese - null
[2020-08-31T18:03:56.262] [DEBUG] cheese - null
